e:\project\vsproject\kernelhack\kernelhack\x64\debug\vc142.pdb
e:\project\vsproject\kernelhack\kernelhack\x64\debug\entry.obj
e:\project\vsproject\kernelhack\kernelhack\x64\debug\comm.obj
e:\project\vsproject\kernelhack\kernelhack\x64\debug\callbacks.obj
e:\project\vsproject\kernelhack\kernelhack\x64\debug\hde64.obj
e:\project\vsproject\kernelhack\kernelhack\x64\debug\hde32.obj
e:\project\vsproject\kernelhack\kernelhack\x64\debug\utils.obj
e:\project\vsproject\kernelhack\kernelhack\x64\debug\process.obj
e:\project\vsproject\kernelhack\kernelhack\x64\debug\offsets.obj
e:\project\vsproject\kernelhack\kernelhack\x64\debug\memory.obj
e:\project\vsproject\kernelhack\kernelhack\x64\debug\mapper.obj
e:\project\codeproject\visualstudio\kernelhack\kernelhack\x64\debug\vc143.pdb
e:\project\codeproject\visualstudio\kernelhack\kernelhack\x64\debug\entry.obj
e:\project\codeproject\visualstudio\kernelhack\kernelhack\x64\debug\comm.obj
e:\project\codeproject\visualstudio\kernelhack\kernelhack\x64\debug\callbacks.obj
e:\project\codeproject\visualstudio\kernelhack\kernelhack\x64\debug\hde64.obj
e:\project\codeproject\visualstudio\kernelhack\kernelhack\x64\debug\hde32.obj
e:\project\codeproject\visualstudio\kernelhack\kernelhack\x64\debug\utils.obj
e:\project\codeproject\visualstudio\kernelhack\kernelhack\x64\debug\process.obj
e:\project\codeproject\visualstudio\kernelhack\kernelhack\x64\debug\offsets.obj
e:\project\codeproject\visualstudio\kernelhack\kernelhack\x64\debug\memory.obj
e:\project\codeproject\visualstudio\kernelhack\kernelhack\x64\debug\mapper.obj
e:\project\vsproject\kernelhack\x64\debug\kernelhack.sys
e:\project\vsproject\kernelhack\x64\debug\kernelhack.pdb
e:\project\codeproject\visualstudio\kernelhack\x64\debug\kernelhack.sys
e:\project\codeproject\visualstudio\kernelhack\x64\debug\kernelhack.pdb
e:\project\codeproject\visualstudio\kernelhack\kernelhack\x64\debug\vc142.pdb
e:\project\codeproject\visualstudio\kernelhack\kernelhack\x64\debug\kernelhack.tlog\cl.command.1.tlog
e:\project\codeproject\visualstudio\kernelhack\kernelhack\x64\debug\kernelhack.tlog\cl.read.1.tlog
e:\project\codeproject\visualstudio\kernelhack\kernelhack\x64\debug\kernelhack.tlog\cl.write.1.tlog
e:\project\codeproject\visualstudio\kernelhack\kernelhack\x64\debug\kernelhack.tlog\link.command.1.tlog
e:\project\codeproject\visualstudio\kernelhack\kernelhack\x64\debug\kernelhack.tlog\link.read.1.tlog
e:\project\codeproject\visualstudio\kernelhack\kernelhack\x64\debug\kernelhack.tlog\link.write.1.tlog
