e:\project\vsproject\kernelhack\kernelhack\x64\release\vc142.pdb
e:\project\vsproject\kernelhack\kernelhack\x64\release\entry.obj
e:\project\vsproject\kernelhack\kernelhack\x64\release\comm.obj
e:\project\vsproject\kernelhack\kernelhack\x64\release\callbacks.obj
e:\project\vsproject\kernelhack\kernelhack\x64\release\hde64.obj
e:\project\vsproject\kernelhack\kernelhack\x64\release\hde32.obj
e:\project\vsproject\kernelhack\kernelhack\x64\release\utils.obj
e:\project\vsproject\kernelhack\kernelhack\x64\release\process.obj
e:\project\vsproject\kernelhack\kernelhack\x64\release\offsets.obj
e:\project\vsproject\kernelhack\kernelhack\x64\release\memory.obj
e:\project\vsproject\kernelhack\kernelhack\x64\release\mapper.obj
e:\project\vsproject\kernelhack\x64\release\kernelhack.sys
e:\project\vsproject\kernelhack\x64\release\kernelhack.pdb
e:\project\codeproject\visualstudio\kernelhack\kernelhack\x64\release\callbacks.obj
e:\project\codeproject\visualstudio\kernelhack\kernelhack\x64\release\comm.obj
e:\project\codeproject\visualstudio\kernelhack\kernelhack\x64\release\entry.obj
e:\project\codeproject\visualstudio\kernelhack\kernelhack\x64\release\hde32.obj
e:\project\codeproject\visualstudio\kernelhack\kernelhack\x64\release\hde64.obj
e:\project\codeproject\visualstudio\kernelhack\kernelhack\x64\release\mapper.obj
e:\project\codeproject\visualstudio\kernelhack\kernelhack\x64\release\memory.obj
e:\project\codeproject\visualstudio\kernelhack\kernelhack\x64\release\offsets.obj
e:\project\codeproject\visualstudio\kernelhack\kernelhack\x64\release\process.obj
e:\project\codeproject\visualstudio\kernelhack\kernelhack\x64\release\utils.obj
e:\project\codeproject\visualstudio\kernelhack\kernelhack\x64\release\vc142.pdb
e:\project\codeproject\visualstudio\kernelhack\x64\release\kernelhack.pdb
e:\project\codeproject\visualstudio\kernelhack\x64\release\kernelhack.sys
e:\project\codeproject\visualstudio\kernelhack\kernelhack\x64\release\kernelhack.tlog\cl.command.1.tlog
e:\project\codeproject\visualstudio\kernelhack\kernelhack\x64\release\kernelhack.tlog\cl.read.1.tlog
e:\project\codeproject\visualstudio\kernelhack\kernelhack\x64\release\kernelhack.tlog\cl.write.1.tlog
e:\project\codeproject\visualstudio\kernelhack\kernelhack\x64\release\kernelhack.tlog\link.command.1.tlog
e:\project\codeproject\visualstudio\kernelhack\kernelhack\x64\release\kernelhack.tlog\link.read.1.tlog
e:\project\codeproject\visualstudio\kernelhack\kernelhack\x64\release\kernelhack.tlog\link.write.1.tlog
